<?xml version="1.0" encoding="UTF-8"?>
<!-- Generated by org.testng.reporters.JUnitReportReporter -->
<testsuite hostname="Venkat-Dell" failures="1" tests="1" name="river.common.RiverConfigTests" time="85.741" errors="0" timestamp="2024-09-11T18:58:30 EDT" skipped="0">
  <testcase classname="river.common.RiverConfigTests" name="runScenario" time="85.741">
    <failure message="Element____User_Name_Text_Field_is_not_visible expected [true] but found [false]" type="java.lang.AssertionError">
      <![CDATA[java.lang.AssertionError: Element____User_Name_Text_Field_is_not_visible expected [true] but found [false]
at org.testng.Assert.fail(Assert.java:99)
at org.testng.Assert.failNotEquals(Assert.java:1037)
at org.testng.Assert.assertTrue(Assert.java:45)
at com.anikasystems.common.reports.CReporter.failureReport(CReporter.java:1288)
at seleniumUtilities.GenericMethods.waitForVisibilityOfElement(GenericMethods.java:272)
at river.pages.LoginPage.enterUserName(LoginPage.java:85)
at river.pages.LoginPage.login(LoginPage.java:64)
at river.pages.LoginPage.loginIntoRiverApp(LoginPage.java:55)
at river.steps.IntervieweeformSteps.user_is_on_the_declaration_for_interpreted_uscis_interview_page(IntervieweeformSteps.java:13)
at ✽.User is on the Declaration for interpreted USCIS interview page(file:///C:/Venkat/Work/workspace/river-automation/src/test/resources/riverfeatures/Intervieweeform.feature:7)
]]>
    </failure>
  </testcase> <!-- runScenario -->
  <system-out/>
</testsuite> <!-- river.common.RiverConfigTests -->
